{"level":"warn","message":"Warning","service":"no-service"}
{"level":"info","message":"Info","service":"no-service"}
{"level":"error","message":"Error","service":"no-service"}
{"level":"warn","message":"Warning","service":"no-service"}
{"level":"info","message":"Info","service":"no-service"}
{"level":"error","message":"Error","service":"no-service"}
{"level":"warn","message":"Warning","service":"no-service"}
{"level":"info","message":"Info","service":"no-service"}
{"level":"error","message":"Error","service":"no-service"}
{"level":"warn","message":"Warning","service":"no-service"}
{"level":"info","message":"Info","service":"no-service"}
{"level":"error","message":"Error","service":"no-service"}
{"level":"error","message":"Error","service":"no-service"}
{"level":"error","message":"Error","service":"no-service"}
undefined
undefined
2022-12-15T03:37:11.678Z undefined error Error
2022-12-15T03:37:43.295Z undefined error Error
2022-12-15T03:37:56.289Z undefined error Error
2022-12-15T03:38:38.668Z error Error
2022-12-15T03:40:19.938Z error Error
2022-12-15T03:40:25.474Z error Error
2022-12-15T03:40:45.777Z some label error Error
{"label":"some label","level":"error","message":"Error","service":"no-service","timestamp":"2022-12-15T03:41:07.082Z"}
{"label":"some label","level":"error","message":"Error","service":"no-service","timestamp":"2022-12-15T03:41:40.780Z"}
{"label":"some label","level":"error","message":"Error","service":"no-service","timestamp":"12 15 2022 09:11:51 AM"}
{"label":"some label","level":"error","message":"Error","service":"no-service","timestamp":"12/15/2022 09:12:03 AM"}
{"label":"some label","level":"error","message":"Error","service":"no-service","timestamp":"12/15/2022 09:12:14:14 AM"}
{"label":"some label","level":"error","message":"Error","service":"no-service","timestamp":"12/15/2022 09:12:18:12 AM"}
{"label":"some label","level":"error","message":"Error","service":"no-service","timestamp":"12/15/2022 09:12:25 AM"}
{"label":"some label","level":"\u001b[31merror\u001b[39m","message":"Error","service":"no-service","timestamp":"12/15/2022 09:13:10 AM"}
12/15/2022 09:13:59 AM some label [31merror[39m Error
12/15/2022 09:15:03 AM some label [31merror[39m Error
12/15/2022 09:15:33 AM some label [31merror[39m Error
12/15/2022 09:16:02 AM some label [31merror[39m Error
12/15/2022 09:16:06 AM some label [31merror[39m Error
12/15/2022 09:17:13 AM some label [31merror[39m Error
12/15/2022 09:17:19 AM dev [31merror[39m Error
12/15/2022 09:17:58 AM dev [31merror[39m Error
12/15/2022 09:18:03 AM dev [31merror[39m Error
12/15/2022 09:19:51 AM dev [31merror[39m Error
12/15/2022 09:20:14 AM dev [31merror[39m Error
